<?xml version="1.0" encoding="UTF-8" ?>
<testsuite tests="3" failures="0" name="topologyapi.ResistorTest" time="0" errors="0" skipped="0">
  <properties>
    <property name="idea.version" value="2021.3.2"/>
    <property name="java.runtime.name" value="OpenJDK Runtime Environment"/>
    <property name="java.vm.version" value="17.0.2+8-86"/>
    <property name="sun.boot.library.path" value="C:\Users\Mohamed Kamal\.jdks\openjdk-17.0.2\bin"/>
    <property name="maven.multiModuleProjectDirectory" value="C:\Users\Mohamed Kamal\IdeaProjects\Topology API"/>
    <property name="java.vm.vendor" value="Oracle Corporation"/>
    <property name="java.vendor.url" value="https://java.oracle.com/"/>
    <property name="guice.disable.misplaced.annotation.check" value="true"/>
    <property name="path.separator" value=";"/>
    <property name="java.vm.name" value="OpenJDK 64-Bit Server VM"/>
    <property name="sun.os.patch.level" value=""/>
    <property name="user.script" value=""/>
    <property name="user.country" value="US"/>
    <property name="sun.java.launcher" value="SUN_STANDARD"/>
    <property name="java.vm.specification.name" value="Java Virtual Machine Specification"/>
    <property name="user.dir" value="C:\Users\Mohamed Kamal\IdeaProjects\Topology API"/>
    <property name="java.vm.compressedOopsMode" value="Zero based"/>
    <property name="java.runtime.version" value="17.0.2+8-86"/>
    <property name="os.arch" value="amd64"/>
    <property name="java.io.tmpdir" value="C:\Users\MOHAME~1\AppData\Local\Temp\"/>
    <property name="line.separator" value="
"/>
    <property name="java.vm.specification.vendor" value="Oracle Corporation"/>
    <property name="user.variant" value=""/>
    <property name="os.name" value="Windows 10"/>
    <property name="maven.ext.class.path" value="D:\Programs\IntelliJ Setup\IntelliJ IDEA 2021.3.2\plugins\maven\lib\maven-event-listener.jar"/>
    <property name="classworlds.conf" value="D:\Programs\IntelliJ Setup\IntelliJ IDEA 2021.3.2\plugins\maven\lib\maven3\bin\m2.conf"/>
    <property name="sun.jnu.encoding" value="Cp1252"/>
    <property name="java.library.path" value="C:\Users\Mohamed Kamal\.jdks\openjdk-17.0.2\bin;C:\WINDOWS\Sun\Java\bin;C:\WINDOWS\system32;C:\WINDOWS;C:\Users\Mohamed Kamal\.jdks\temurin-1.8.0_322\bin;C:\Users\Mohamed Kamal\AppData\Local\Programs\Python\Python39\Scripts\;C:\Users\Mohamed Kamal\AppData\Local\Programs\Python\Python39\;C:\Users\Mohamed Kamal\AppData\Local\Microsoft\WindowsApps;C:\Program Files\IronPython 2.7;C:\Users\Mohamed Kamal\AppData\Local\Programs\Microsoft VS Code\bin;C:\Users\Mohamed Kamal\AppData\Roaming\npm;C:\wamp64\bin\mysql\mysql5.7.31\bin;C:\Users\Mohamed Kamal\AppData\Roaming\Composer\vendor\bin;C:\Program Files\mingw-w64\x86_64-8.1.0-posix-seh-rt_v6-rev0\mingw64\bin;C:\Users\Mohamed Kamal\.dotnet\tools;C:\Program Files\Azure Data Studio\bin;C:\Users\Mohamed Kamal\AppData\Roaming\Python\Python37\Scripts;D:\Programs\IntelliJ Setup\IntelliJ IDEA 2021.3.2\bin;C:\Windows\system32;C:\Windows\System32\WindowsPowerShell\v1.0\;&quot;C:\Windows;C:\Windows\System32\Wbem&quot;;C:\Program Files\nodejs;C:\Users\Mohamed Kamal\AppData\Local\Programs\Python\Python39\Scripts\;C:\Users\Mohamed Kamal\AppData\Local\Programs\Python\Python39\;C:\Users\Mohamed Kamal\AppData\Local\Microsoft\WindowsApps;C:\Program Files\IronPython 2.7;C:\Users\Mohamed Kamal\AppData\Local\Programs\Microsoft VS Code\bin;C:\Users\Mohamed Kamal\AppData\Roaming\npm;C:\wamp64\bin\mysql\mysql5.7.31\bin;C:\Users\Mohamed Kamal\AppData\Roaming\Composer\vendor\bin;C:\Program Files\mingw-w64\x86_64-8.1.0-posix-seh-rt_v6-rev0\mingw64\bin;C:\Users\Mohamed Kamal\.dotnet\tools;C:\Program Files\Azure Data Studio\bin;C:\Users\Mohamed Kamal\AppData\Roaming\Python\Python37\Scripts;;D:\Programs\IntelliJ Setup\IntelliJ IDEA 2021.3.2\bin;;."/>
    <property name="maven.conf" value="D:\Programs\IntelliJ Setup\IntelliJ IDEA 2021.3.2\plugins\maven\lib\maven3/conf"/>
    <property name="jdk.debug" value="release"/>
    <property name="java.class.version" value="61.0"/>
    <property name="java.specification.name" value="Java Platform API Specification"/>
    <property name="sun.management.compiler" value="HotSpot 64-Bit Tiered Compilers"/>
    <property name="os.version" value="10.0"/>
    <property name="user.home" value="C:\Users\Mohamed Kamal"/>
    <property name="user.timezone" value="Africa/Cairo"/>
    <property name="file.encoding" value="UTF-8"/>
    <property name="java.specification.version" value="17"/>
    <property name="user.name" value="Mohamed Kamal"/>
    <property name="java.class.path" value="D:\Programs\IntelliJ Setup\IntelliJ IDEA 2021.3.2\plugins\maven\lib\maven3\boot\plexus-classworlds-2.6.0.jar;D:\Programs\IntelliJ Setup\IntelliJ IDEA 2021.3.2\plugins\maven\lib\maven3\boot\plexus-classworlds.license"/>
    <property name="java.vm.specification.version" value="17"/>
    <property name="sun.arch.data.model" value="64"/>
    <property name="sun.java.command" value="org.codehaus.classworlds.Launcher -Didea.version=2021.3.2 package"/>
    <property name="java.home" value="C:\Users\Mohamed Kamal\.jdks\openjdk-17.0.2"/>
    <property name="user.language" value="en"/>
    <property name="java.specification.vendor" value="Oracle Corporation"/>
    <property name="java.vm.info" value="mixed mode, sharing"/>
    <property name="java.version" value="17.0.2"/>
    <property name="native.encoding" value="Cp1252"/>
    <property name="java.vendor" value="Oracle Corporation"/>
    <property name="maven.home" value="D:\Programs\IntelliJ Setup\IntelliJ IDEA 2021.3.2\plugins\maven\lib\maven3"/>
    <property name="file.separator" value="\"/>
    <property name="java.version.date" value="2022-01-18"/>
    <property name="java.vendor.url.bug" value="https://bugreport.java.com/bugreport/"/>
    <property name="sun.io.unicode.encoding" value="UnicodeLittle"/>
    <property name="sun.cpu.endian" value="little"/>
    <property name="sun.cpu.isalist" value="amd64"/>
  </properties>
  <testcase classname="topologyapi.ResistorTest" name="testNetlistExist" time="0"/>
  <testcase classname="topologyapi.ResistorTest" name="testWriteComponent" time="0"/>
  <testcase classname="topologyapi.ResistorTest" name="testReadComponent" time="0"/>
</testsuite>